<?xml version="1.0" encoding="UTF-8"?>
<testng-results ignored="0" total="2" passed="2" failed="0" skipped="0">
  <reporter-output>
  </reporter-output>
  <suite started-at="2021-05-09T12:25:17 IST" name="Default suite" finished-at="2021-05-09T12:25:17 IST" duration-ms="39">
    <groups>
      <group name="regrassiontest">
        <method signature="CreateLeadTest.createLeadWithOrgNameTest()[pri:0, instance:com.vtiger.organizationModule.CreateLeadTest@11c9af63]" name="createLeadWithOrgNameTest" class="com.vtiger.organizationModule.CreateLeadTest"/>
      </group> <!-- regrassiontest -->
      <group name="smoketest">
        <method signature="CreateLeadTest.createLeadTest()[pri:0, instance:com.vtiger.organizationModule.CreateLeadTest@11c9af63]" name="createLeadTest" class="com.vtiger.organizationModule.CreateLeadTest"/>
      </group> <!-- smoketest -->
    </groups>
    <test started-at="2021-05-09T12:25:17 IST" name="Default test" finished-at="2021-05-09T12:25:17 IST" duration-ms="39">
      <class name="com.vtiger.organizationModule.CreateLeadTest">
        <test-method signature="createLeadTest()[pri:0, instance:com.vtiger.organizationModule.CreateLeadTest@11c9af63]" started-at="2021-05-09T12:25:17 IST" name="createLeadTest" finished-at="2021-05-09T12:25:17 IST" duration-ms="6" status="PASS">
          <reporter-output>
          </reporter-output>
        </test-method> <!-- createLeadTest -->
        <test-method signature="createLeadWithOrgNameTest()[pri:0, instance:com.vtiger.organizationModule.CreateLeadTest@11c9af63]" started-at="2021-05-09T12:25:17 IST" name="createLeadWithOrgNameTest" finished-at="2021-05-09T12:25:17 IST" duration-ms="1" status="PASS">
          <reporter-output>
          </reporter-output>
        </test-method> <!-- createLeadWithOrgNameTest -->
      </class> <!-- com.vtiger.organizationModule.CreateLeadTest -->
    </test> <!-- Default test -->
  </suite> <!-- Default suite -->
</testng-results>
