<?xml version="1.0" encoding="UTF-8"?>
<!-- Generated by org.testng.reporters.JUnitXMLReporter -->
<testsuite ignored="0" hostname="DESKTOP-N5FL77D" failures="0" tests="2" name="Default test" time="0.039" errors="0" timestamp="2021-05-09T12:25:17 IST">
  <testcase classname="com.vtiger.organizationModule.CreateLeadTest" name="createLeadTest" time="0.006"/>
  <testcase classname="com.vtiger.organizationModule.CreateLeadTest" name="createLeadWithOrgNameTest" time="0.001"/>
</testsuite> <!-- Default test -->
